<?xml version='1.0' encoding='UTF-8'?>
<testsuite hostname="knoldus-Vostro-2520" name="com.knoldus.databasestudenttest.StudentTest" tests="4" errors="0" failures="2" time="0.435">
                     <properties>
[...]
</properties>
                     <testcase classname="com.knoldus.databasestudenttest.StudentTest" name="This is to test search" time="0.283">
                                                 
                                               </testcase><testcase classname="com.knoldus.databasestudenttest.StudentTest" name="This is to test insert" time="0.007">
                                                 <failure message="Duplicate entry '3' for key 'PRIMARY'" type="com.mysql.jdbc.exceptions.jdbc4.MySQLIntegrityConstraintViolationException">com.mysql.jdbc.exceptions.jdbc4.MySQLIntegrityConstraintViolationException: Duplicate entry '3' for key 'PRIMARY'
	at sun.reflect.NativeConstructorAccessorImpl.newInstance0(Native Method)
	at sun.reflect.NativeConstructorAccessorImpl.newInstance(NativeConstructorAccessorImpl.java:57)
	at sun.reflect.DelegatingConstructorAccessorImpl.newInstance(DelegatingConstructorAccessorImpl.java:45)
	at java.lang.reflect.Constructor.newInstance(Constructor.java:526)
	at com.mysql.jdbc.Util.handleNewInstance(Util.java:404)
	at com.mysql.jdbc.Util.getInstance(Util.java:387)
	at com.mysql.jdbc.SQLError.createSQLException(SQLError.java:932)
	at com.mysql.jdbc.MysqlIO.checkErrorPacket(MysqlIO.java:3878)
	at com.mysql.jdbc.MysqlIO.checkErrorPacket(MysqlIO.java:3814)
	at com.mysql.jdbc.MysqlIO.sendCommand(MysqlIO.java:2478)
	at com.mysql.jdbc.MysqlIO.sqlQueryDirect(MysqlIO.java:2625)
	at com.mysql.jdbc.ConnectionImpl.execSQL(ConnectionImpl.java:2551)
	at com.mysql.jdbc.PreparedStatement.executeInternal(PreparedStatement.java:1861)
	at com.mysql.jdbc.PreparedStatement.execute(PreparedStatement.java:1192)
	at com.knoldus.datbasestudent.Student.insert(Student.scala:32)
	at com.knoldus.databasestudenttest.StudentTest$$anonfun$2.apply$mcV$sp(StudentTest.scala:17)
	at com.knoldus.databasestudenttest.StudentTest$$anonfun$2.apply(StudentTest.scala:16)
	at com.knoldus.databasestudenttest.StudentTest$$anonfun$2.apply(StudentTest.scala:16)
	at org.scalatest.Transformer$$anonfun$apply$1.apply$mcV$sp(Transformer.scala:22)
	at org.scalatest.OutcomeOf$class.outcomeOf(OutcomeOf.scala:85)
	at org.scalatest.OutcomeOf$.outcomeOf(OutcomeOf.scala:104)
	at org.scalatest.Transformer.apply(Transformer.scala:22)
	at org.scalatest.Transformer.apply(Transformer.scala:20)
	at org.scalatest.FunSuiteLike$$anon$1.apply(FunSuiteLike.scala:166)
	at org.scalatest.Suite$class.withFixture(Suite.scala:1122)
	at org.scalatest.FunSuite.withFixture(FunSuite.scala:1555)
	at org.scalatest.FunSuiteLike$class.invokeWithFixture$1(FunSuiteLike.scala:163)
	at org.scalatest.FunSuiteLike$$anonfun$runTest$1.apply(FunSuiteLike.scala:175)
	at org.scalatest.FunSuiteLike$$anonfun$runTest$1.apply(FunSuiteLike.scala:175)
	at org.scalatest.SuperEngine.runTestImpl(Engine.scala:306)
	at org.scalatest.FunSuiteLike$class.runTest(FunSuiteLike.scala:175)
	at org.scalatest.FunSuite.runTest(FunSuite.scala:1555)
	at org.scalatest.FunSuiteLike$$anonfun$runTests$1.apply(FunSuiteLike.scala:208)
	at org.scalatest.FunSuiteLike$$anonfun$runTests$1.apply(FunSuiteLike.scala:208)
	at org.scalatest.SuperEngine$$anonfun$traverseSubNodes$1$1.apply(Engine.scala:413)
	at org.scalatest.SuperEngine$$anonfun$traverseSubNodes$1$1.apply(Engine.scala:401)
	at scala.collection.immutable.List.foreach(List.scala:381)
	at org.scalatest.SuperEngine.traverseSubNodes$1(Engine.scala:401)
	at org.scalatest.SuperEngine.org$scalatest$SuperEngine$$runTestsInBranch(Engine.scala:396)
	at org.scalatest.SuperEngine.runTestsImpl(Engine.scala:483)
	at org.scalatest.FunSuiteLike$class.runTests(FunSuiteLike.scala:208)
	at org.scalatest.FunSuite.runTests(FunSuite.scala:1555)
	at org.scalatest.Suite$class.run(Suite.scala:1424)
	at org.scalatest.FunSuite.org$scalatest$FunSuiteLike$$super$run(FunSuite.scala:1555)
	at org.scalatest.FunSuiteLike$$anonfun$run$1.apply(FunSuiteLike.scala:212)
	at org.scalatest.FunSuiteLike$$anonfun$run$1.apply(FunSuiteLike.scala:212)
	at org.scalatest.SuperEngine.runImpl(Engine.scala:545)
	at org.scalatest.FunSuiteLike$class.run(FunSuiteLike.scala:212)
	at org.scalatest.FunSuite.run(FunSuite.scala:1555)
	at org.scalatest.tools.Framework.org$scalatest$tools$Framework$$runSuite(Framework.scala:466)
	at org.scalatest.tools.Framework$ScalaTestTask.execute(Framework.scala:677)
	at sbt.TestRunner.runTest$1(TestFramework.scala:76)
	at sbt.TestRunner.run(TestFramework.scala:85)
	at sbt.TestFramework$$anon$2$$anonfun$$init$$1$$anonfun$apply$8.apply(TestFramework.scala:202)
	at sbt.TestFramework$$anon$2$$anonfun$$init$$1$$anonfun$apply$8.apply(TestFramework.scala:202)
	at sbt.TestFramework$.sbt$TestFramework$$withContextLoader(TestFramework.scala:185)
	at sbt.TestFramework$$anon$2$$anonfun$$init$$1.apply(TestFramework.scala:202)
	at sbt.TestFramework$$anon$2$$anonfun$$init$$1.apply(TestFramework.scala:202)
	at sbt.TestFunction.apply(TestFramework.scala:207)
	at sbt.Tests$$anonfun$9.apply(Tests.scala:216)
	at sbt.Tests$$anonfun$9.apply(Tests.scala:216)
	at sbt.std.Transform$$anon$3$$anonfun$apply$2.apply(System.scala:44)
	at sbt.std.Transform$$anon$3$$anonfun$apply$2.apply(System.scala:44)
	at sbt.std.Transform$$anon$4.work(System.scala:63)
	at sbt.Execute$$anonfun$submit$1$$anonfun$apply$1.apply(Execute.scala:226)
	at sbt.Execute$$anonfun$submit$1$$anonfun$apply$1.apply(Execute.scala:226)
	at sbt.ErrorHandling$.wideConvert(ErrorHandling.scala:17)
	at sbt.Execute.work(Execute.scala:235)
	at sbt.Execute$$anonfun$submit$1.apply(Execute.scala:226)
	at sbt.Execute$$anonfun$submit$1.apply(Execute.scala:226)
	at sbt.ConcurrentRestrictions$$anon$4$$anonfun$1.apply(ConcurrentRestrictions.scala:159)
	at sbt.CompletionService$$anon$2.call(CompletionService.scala:28)
	at java.util.concurrent.FutureTask.run(FutureTask.java:262)
	at java.util.concurrent.Executors$RunnableAdapter.call(Executors.java:471)
	at java.util.concurrent.FutureTask.run(FutureTask.java:262)
	at java.util.concurrent.ThreadPoolExecutor.runWorker(ThreadPoolExecutor.java:1145)
	at java.util.concurrent.ThreadPoolExecutor$Worker.run(ThreadPoolExecutor.java:615)
	at java.lang.Thread.run(Thread.java:745)
</failure>
                                               </testcase><testcase classname="com.knoldus.databasestudenttest.StudentTest" name="This is to test the updation of name" time="0.141">
                                                 
                                               </testcase><testcase classname="com.knoldus.databasestudenttest.StudentTest" name="This is to test the deletion of student basis id" time="0.004">
                                                 <failure message="1 did not equal 0" type="org.scalatest.exceptions.TestFailedException">org.scalatest.exceptions.TestFailedException: 1 did not equal 0
	at org.scalatest.Assertions$class.newAssertionFailedException(Assertions.scala:500)
	at org.scalatest.FunSuite.newAssertionFailedException(FunSuite.scala:1555)
	at org.scalatest.Assertions$AssertionsHelper.macroAssert(Assertions.scala:466)
	at com.knoldus.databasestudenttest.StudentTest$$anonfun$4.apply$mcV$sp(StudentTest.scala:30)
	at com.knoldus.databasestudenttest.StudentTest$$anonfun$4.apply(StudentTest.scala:27)
	at com.knoldus.databasestudenttest.StudentTest$$anonfun$4.apply(StudentTest.scala:27)
	at org.scalatest.Transformer$$anonfun$apply$1.apply$mcV$sp(Transformer.scala:22)
	at org.scalatest.OutcomeOf$class.outcomeOf(OutcomeOf.scala:85)
	at org.scalatest.OutcomeOf$.outcomeOf(OutcomeOf.scala:104)
	at org.scalatest.Transformer.apply(Transformer.scala:22)
	at org.scalatest.Transformer.apply(Transformer.scala:20)
	at org.scalatest.FunSuiteLike$$anon$1.apply(FunSuiteLike.scala:166)
	at org.scalatest.Suite$class.withFixture(Suite.scala:1122)
	at org.scalatest.FunSuite.withFixture(FunSuite.scala:1555)
	at org.scalatest.FunSuiteLike$class.invokeWithFixture$1(FunSuiteLike.scala:163)
	at org.scalatest.FunSuiteLike$$anonfun$runTest$1.apply(FunSuiteLike.scala:175)
	at org.scalatest.FunSuiteLike$$anonfun$runTest$1.apply(FunSuiteLike.scala:175)
	at org.scalatest.SuperEngine.runTestImpl(Engine.scala:306)
	at org.scalatest.FunSuiteLike$class.runTest(FunSuiteLike.scala:175)
	at org.scalatest.FunSuite.runTest(FunSuite.scala:1555)
	at org.scalatest.FunSuiteLike$$anonfun$runTests$1.apply(FunSuiteLike.scala:208)
	at org.scalatest.FunSuiteLike$$anonfun$runTests$1.apply(FunSuiteLike.scala:208)
	at org.scalatest.SuperEngine$$anonfun$traverseSubNodes$1$1.apply(Engine.scala:413)
	at org.scalatest.SuperEngine$$anonfun$traverseSubNodes$1$1.apply(Engine.scala:401)
	at scala.collection.immutable.List.foreach(List.scala:381)
	at org.scalatest.SuperEngine.traverseSubNodes$1(Engine.scala:401)
	at org.scalatest.SuperEngine.org$scalatest$SuperEngine$$runTestsInBranch(Engine.scala:396)
	at org.scalatest.SuperEngine.runTestsImpl(Engine.scala:483)
	at org.scalatest.FunSuiteLike$class.runTests(FunSuiteLike.scala:208)
	at org.scalatest.FunSuite.runTests(FunSuite.scala:1555)
	at org.scalatest.Suite$class.run(Suite.scala:1424)
	at org.scalatest.FunSuite.org$scalatest$FunSuiteLike$$super$run(FunSuite.scala:1555)
	at org.scalatest.FunSuiteLike$$anonfun$run$1.apply(FunSuiteLike.scala:212)
	at org.scalatest.FunSuiteLike$$anonfun$run$1.apply(FunSuiteLike.scala:212)
	at org.scalatest.SuperEngine.runImpl(Engine.scala:545)
	at org.scalatest.FunSuiteLike$class.run(FunSuiteLike.scala:212)
	at org.scalatest.FunSuite.run(FunSuite.scala:1555)
	at org.scalatest.tools.Framework.org$scalatest$tools$Framework$$runSuite(Framework.scala:466)
	at org.scalatest.tools.Framework$ScalaTestTask.execute(Framework.scala:677)
	at sbt.TestRunner.runTest$1(TestFramework.scala:76)
	at sbt.TestRunner.run(TestFramework.scala:85)
	at sbt.TestFramework$$anon$2$$anonfun$$init$$1$$anonfun$apply$8.apply(TestFramework.scala:202)
	at sbt.TestFramework$$anon$2$$anonfun$$init$$1$$anonfun$apply$8.apply(TestFramework.scala:202)
	at sbt.TestFramework$.sbt$TestFramework$$withContextLoader(TestFramework.scala:185)
	at sbt.TestFramework$$anon$2$$anonfun$$init$$1.apply(TestFramework.scala:202)
	at sbt.TestFramework$$anon$2$$anonfun$$init$$1.apply(TestFramework.scala:202)
	at sbt.TestFunction.apply(TestFramework.scala:207)
	at sbt.Tests$$anonfun$9.apply(Tests.scala:216)
	at sbt.Tests$$anonfun$9.apply(Tests.scala:216)
	at sbt.std.Transform$$anon$3$$anonfun$apply$2.apply(System.scala:44)
	at sbt.std.Transform$$anon$3$$anonfun$apply$2.apply(System.scala:44)
	at sbt.std.Transform$$anon$4.work(System.scala:63)
	at sbt.Execute$$anonfun$submit$1$$anonfun$apply$1.apply(Execute.scala:226)
	at sbt.Execute$$anonfun$submit$1$$anonfun$apply$1.apply(Execute.scala:226)
	at sbt.ErrorHandling$.wideConvert(ErrorHandling.scala:17)
	at sbt.Execute.work(Execute.scala:235)
	at sbt.Execute$$anonfun$submit$1.apply(Execute.scala:226)
	at sbt.Execute$$anonfun$submit$1.apply(Execute.scala:226)
	at sbt.ConcurrentRestrictions$$anon$4$$anonfun$1.apply(ConcurrentRestrictions.scala:159)
	at sbt.CompletionService$$anon$2.call(CompletionService.scala:28)
	at java.util.concurrent.FutureTask.run(FutureTask.java:262)
	at java.util.concurrent.Executors$RunnableAdapter.call(Executors.java:471)
	at java.util.concurrent.FutureTask.run(FutureTask.java:262)
	at java.util.concurrent.ThreadPoolExecutor.runWorker(ThreadPoolExecutor.java:1145)
	at java.util.concurrent.ThreadPoolExecutor$Worker.run(ThreadPoolExecutor.java:615)
	at java.lang.Thread.run(Thread.java:745)
</failure>
                                               </testcase>
                     <system-out></system-out>
                     <system-err></system-err>
                   </testsuite>