[0m[[0mdebug[0m] [0mRunning TaskDef(com.knoldus.databasestudenttest.Student_SubjectTest, org.scalatest.tools.Framework$$anon$1@1a15e0bc, false, [SuiteSelector])[0m
[0m[[0mdebug[0m] [0mRunning TaskDef(com.knoldus.databasestudenttest.StudentTest, org.scalatest.tools.Framework$$anon$1@1a15e0bc, false, [SuiteSelector])[0m
[0m[[0mdebug[0m] [0mRunning TaskDef(SubjectTest, org.scalatest.tools.Framework$$anon$1@1a15e0bc, false, [SuiteSelector])[0m
[0m[[0minfo[0m] [0m[36mRun completed in 641 milliseconds.[0m[0m
[0m[[0minfo[0m] [0m[36mTotal number of tests run: 10[0m[0m
[0m[[0minfo[0m] [0m[36mSuites: completed 3, aborted 0[0m[0m
[0m[[0minfo[0m] [0m[36mTests: succeeded 2, failed 8, canceled 0, ignored 0, pending 0[0m[0m
[0m[[0minfo[0m] [0m[31m*** 8 TESTS FAILED ***[0m[0m
[0m[[31merror[0m] [0mFailed tests:[0m
[0m[[31merror[0m] [0m	com.knoldus.databasestudenttest.StudentTest[0m
[0m[[31merror[0m] [0m	SubjectTest[0m
[0m[[31merror[0m] [0m	com.knoldus.databasestudenttest.Student_SubjectTest[0m
[0m[[31merror[0m] [0m(test:[31mtest[0m) sbt.TestsFailedException: Tests unsuccessful[0m
