<?xml version="1.0"?>
<!DOCTYPE coverage SYSTEM "https://raw.githubusercontent.com/cobertura/cobertura/master/cobertura/src/site/htdocs/xml/coverage-04.dtd">
<coverage 
line-rate="0.69" lines-covered="104" lines-valid="72" branches-covered="10" branches-valid="3" branch-rate="0.30" complexity="0" version="1.0" timestamp="1455461399695">
    <sources>
        <source>--source</source>
        <source>/home/knoldus/IdeaProjects/assignment-6database-sonu/src/main/scala</source>
        <source>/home/knoldus/IdeaProjects/assignment-6database-sonu/src/main/java</source>
    </sources>
    <packages>
        <package name="com.knoldus.datbasestudent" line-rate="0.69" branch-rate="0.30" complexity="0">
            <classes>
                <class 
                name="Student_Subject" filename="com/knoldus/datbasestudent/Student_Subject.scala" line-rate="0.40" branch-rate="0.13" complexity="0">
                    <methods>
                        <method 
                        name="com.knoldus.datbasestudent/Student_Subject/searchSubjectForStudent" signature="()V" line-rate="1.00" branch-rate="1.00">
                            <lines>
                                <line number="47" hits="1" branch="false"/>
                                <line number="46" hits="1" branch="false"/>
                                <line number="45" hits="1" branch="false"/>
                                <line number="48" hits="1" branch="false"/>
                            </lines>
</method>
                        <method 
                        name="com.knoldus.datbasestudent/Student_Subject/&lt;none&gt;" signature="()V" line-rate="0.00" branch-rate="0.00">
                            <lines>
                                <line number="79" hits="0" branch="false"/>
                                <line number="79" hits="0" branch="false"/>
                                <line number="80" hits="0" branch="false"/>
                                <line number="80" hits="0" branch="false"/>
                                <line number="77" hits="0" branch="false"/>
                            </lines>
</method>
                        <method 
                        name="com.knoldus.datbasestudent/Student_Subject/pullSubjectId" signature="()V" line-rate="1.00" branch-rate="1.00">
                            <lines>
                                <line number="19" hits="1" branch="false"/>
                                <line number="19" hits="1" branch="false"/>
                                <line number="17" hits="1" branch="false"/>
                                <line number="19" hits="1" branch="false"/>
                            </lines>
</method>
                        <method 
                        name="com.knoldus.datbasestudent/Student_Subject/assignSubjects" signature="()V" line-rate="0.40" branch-rate="0.25">
                            <lines>
                                <line number="41" hits="0" branch="false"/>
                                <line number="37" hits="0" branch="false"/>
                                <line number="23" hits="1" branch="false"/>
                                <line number="39" hits="0" branch="false"/>
                                <line number="13" hits="1" branch="false"/>
                                <line number="39" hits="0" branch="false"/>
                                <line number="41" hits="0" branch="false"/>
                                <line number="23" hits="1" branch="false"/>
                                <line number="36" hits="0" branch="false"/>
                                <line number="12" hits="1" branch="false"/>
                                <line number="24" hits="0" branch="false"/>
                                <line number="24" hits="0" branch="false"/>
                                <line number="11" hits="1" branch="false"/>
                                <line number="13" hits="1" branch="false"/>
                                <line number="35" hits="0" branch="false"/>
                            </lines>
</method>
                        <method 
                        name="com.knoldus.datbasestudent/Student_Subject/deleteAssignedSubject" signature="()V" line-rate="0.07" branch-rate="0.00">
                            <lines>
                                <line number="71" hits="0" branch="false"/>
                                <line number="68" hits="0" branch="false"/>
                                <line number="69" hits="0" branch="false"/>
                                <line number="63" hits="0" branch="false"/>
                                <line number="66" hits="0" branch="false"/>
                                <line number="71" hits="0" branch="false"/>
                                <line number="65" hits="0" branch="false"/>
                                <line number="68" hits="0" branch="false"/>
                                <line number="69" hits="0" branch="false"/>
                                <line number="62" hits="1" branch="false"/>
                                <line number="68" hits="0" branch="false"/>
                                <line number="64" hits="0" branch="false"/>
                                <line number="63" hits="0" branch="false"/>
                                <line number="67" hits="0" branch="false"/>
                            </lines>
</method>
                        <method name="com.knoldus.datbasestudent/Student_Subject/store" signature="()V" line-rate="1.00" branch-rate="1.00">
                            <lines>
                                <line number="58" hits="1" branch="false"/>
                                <line number="53" hits="1" branch="false"/>
                                <line number="51" hits="1" branch="false"/>
                                <line number="54" hits="1" branch="false"/>
                                <line number="58" hits="1" branch="false"/>
                                <line number="54" hits="1" branch="false"/>
                            </lines>
                        </method>
                        <method 
                        name="com.knoldus.datbasestudent/Student_Subject/insertSubject" signature="()V" line-rate="0.00" branch-rate="0.00">
                            <lines>
                                <line number="32" hits="0" branch="false"/>
                                <line number="29" hits="0" branch="false"/>
                                <line number="28" hits="0" branch="false"/>
                                <line number="30" hits="0" branch="false"/>
                                <line number="30" hits="0" branch="false"/>
                            </lines>
</method>
                    </methods>
                    <lines>
                        <line number="71" hits="0" branch="false"/>
                        <line number="79" hits="0" branch="false"/>
                        <line number="68" hits="0" branch="false"/>
                        <line number="41" hits="0" branch="false"/>
                        <line number="32" hits="0" branch="false"/>
                        <line number="58" hits="1" branch="false"/>
                        <line number="19" hits="1" branch="false"/>
                        <line number="37" hits="0" branch="false"/>
                        <line number="47" hits="1" branch="false"/>
                        <line number="23" hits="1" branch="false"/>
                        <line number="69" hits="0" branch="false"/>
                        <line number="63" hits="0" branch="false"/>
                        <line number="66" hits="0" branch="false"/>
                        <line number="39" hits="0" branch="false"/>
                        <line number="13" hits="1" branch="false"/>
                        <line number="29" hits="0" branch="false"/>
                        <line number="53" hits="1" branch="false"/>
                        <line number="28" hits="0" branch="false"/>
                        <line number="71" hits="0" branch="false"/>
                        <line number="51" hits="1" branch="false"/>
                        <line number="39" hits="0" branch="false"/>
                        <line number="65" hits="0" branch="false"/>
                        <line number="79" hits="0" branch="false"/>
                        <line number="54" hits="1" branch="false"/>
                        <line number="41" hits="0" branch="false"/>
                        <line number="19" hits="1" branch="false"/>
                        <line number="30" hits="0" branch="false"/>
                        <line number="68" hits="0" branch="false"/>
                        <line number="69" hits="0" branch="false"/>
                        <line number="80" hits="0" branch="false"/>
                        <line number="62" hits="1" branch="false"/>
                        <line number="23" hits="1" branch="false"/>
                        <line number="36" hits="0" branch="false"/>
                        <line number="46" hits="1" branch="false"/>
                        <line number="12" hits="1" branch="false"/>
                        <line number="45" hits="1" branch="false"/>
                        <line number="80" hits="0" branch="false"/>
                        <line number="58" hits="1" branch="false"/>
                        <line number="68" hits="0" branch="false"/>
                        <line number="48" hits="1" branch="false"/>
                        <line number="24" hits="0" branch="false"/>
                        <line number="24" hits="0" branch="false"/>
                        <line number="64" hits="0" branch="false"/>
                        <line number="63" hits="0" branch="false"/>
                        <line number="11" hits="1" branch="false"/>
                        <line number="30" hits="0" branch="false"/>
                        <line number="13" hits="1" branch="false"/>
                        <line number="77" hits="0" branch="false"/>
                        <line number="67" hits="0" branch="false"/>
                        <line number="17" hits="1" branch="false"/>
                        <line number="54" hits="1" branch="false"/>
                        <line number="19" hits="1" branch="false"/>
                        <line number="35" hits="0" branch="false"/>
                    </lines>
</class>
                <class 
                name="Student" filename="com/knoldus/datbasestudent/Student.scala" line-rate="1.00" branch-rate="1.00" complexity="0">
                    <methods>
                        <method name="com.knoldus.datbasestudent/Student/deleteStudent" signature="()V" line-rate="1.00" branch-rate="1.00">
                            <lines>
                                <line number="43" hits="1" branch="false"/>
                                <line number="46" hits="1" branch="false"/>
                                <line number="45" hits="1" branch="false"/>
                                <line number="44" hits="1" branch="false"/>
                            </lines>
                        </method>
                        <method name="com.knoldus.datbasestudent/Student/updateName" signature="()V" line-rate="1.00" branch-rate="1.00">
                            <lines>
                                <line number="37" hits="1" branch="false"/>
                                <line number="39" hits="1" branch="false"/>
                                <line number="36" hits="1" branch="false"/>
                                <line number="38" hits="1" branch="false"/>
                            </lines>
                        </method>
                        <method name="com.knoldus.datbasestudent/Student/insert" signature="()V" line-rate="1.00" branch-rate="1.00">
                            <lines>
                                <line number="28" hits="1" branch="false"/>
                                <line number="31" hits="1" branch="false"/>
                                <line number="25" hits="1" branch="false"/>
                                <line number="27" hits="1" branch="false"/>
                                <line number="30" hits="1" branch="false"/>
                                <line number="32" hits="1" branch="false"/>
                                <line number="26" hits="1" branch="false"/>
                                <line number="29" hits="1" branch="false"/>
                            </lines>
                        </method>
                        <method name="com.knoldus.datbasestudent/Student/search" signature="()V" line-rate="1.00" branch-rate="1.00">
                            <lines>
                                <line number="10" hits="1" branch="false"/>
                                <line number="11" hits="1" branch="false"/>
                                <line number="9" hits="1" branch="false"/>
                                <line number="11" hits="1" branch="false"/>
                            </lines>
                        </method>
                        <method name="com.knoldus.datbasestudent/Student/store" signature="()V" line-rate="1.00" branch-rate="1.00">
                            <lines>
                                <line number="17" hits="1" branch="false"/>
                                <line number="14" hits="1" branch="false"/>
                                <line number="17" hits="1" branch="false"/>
                                <line number="21" hits="1" branch="false"/>
                                <line number="21" hits="1" branch="false"/>
                                <line number="16" hits="1" branch="false"/>
                            </lines>
                        </method>
                    </methods>
                    <lines>
                        <line number="28" hits="1" branch="false"/>
                        <line number="43" hits="1" branch="false"/>
                        <line number="46" hits="1" branch="false"/>
                        <line number="17" hits="1" branch="false"/>
                        <line number="31" hits="1" branch="false"/>
                        <line number="10" hits="1" branch="false"/>
                        <line number="37" hits="1" branch="false"/>
                        <line number="25" hits="1" branch="false"/>
                        <line number="14" hits="1" branch="false"/>
                        <line number="11" hits="1" branch="false"/>
                        <line number="27" hits="1" branch="false"/>
                        <line number="39" hits="1" branch="false"/>
                        <line number="17" hits="1" branch="false"/>
                        <line number="30" hits="1" branch="false"/>
                        <line number="45" hits="1" branch="false"/>
                        <line number="9" hits="1" branch="false"/>
                        <line number="36" hits="1" branch="false"/>
                        <line number="21" hits="1" branch="false"/>
                        <line number="32" hits="1" branch="false"/>
                        <line number="21" hits="1" branch="false"/>
                        <line number="26" hits="1" branch="false"/>
                        <line number="11" hits="1" branch="false"/>
                        <line number="38" hits="1" branch="false"/>
                        <line number="16" hits="1" branch="false"/>
                        <line number="29" hits="1" branch="false"/>
                        <line number="44" hits="1" branch="false"/>
                    </lines>
</class>
                <class 
                name="Subject" filename="com/knoldus/datbasestudent/Subject.scala" line-rate="1.00" branch-rate="1.00" complexity="0">
                    <methods>
                        <method name="com.knoldus.datbasestudent/Subject/deleteSubject" signature="()V" line-rate="1.00" branch-rate="1.00">
                            <lines>
                                <line number="31" hits="1" branch="false"/>
                                <line number="34" hits="1" branch="false"/>
                                <line number="33" hits="1" branch="false"/>
                                <line number="32" hits="1" branch="false"/>
                            </lines>
                        </method>
                        <method name="com.knoldus.datbasestudent/Subject/enterNewSubject" signature="()V" line-rate="1.00" branch-rate="1.00">
                            <lines>
                                <line number="14" hits="1" branch="false"/>
                                <line number="11" hits="1" branch="false"/>
                                <line number="13" hits="1" branch="false"/>
                                <line number="16" hits="1" branch="false"/>
                                <line number="12" hits="1" branch="false"/>
                                <line number="15" hits="1" branch="false"/>
                            </lines>
                        </method>
                        <method name="com.knoldus.datbasestudent/Subject/searchSubject" signature="()V" line-rate="1.00" branch-rate="1.00">
                            <lines>
                                <line number="22" hits="1" branch="false"/>
                                <line number="24" hits="1" branch="false"/>
                                <line number="26" hits="1" branch="false"/>
                                <line number="24" hits="1" branch="false"/>
                                <line number="23" hits="1" branch="false"/>
                                <line number="25" hits="1" branch="false"/>
                            </lines>
                        </method>
                    </methods>
                    <lines>
                        <line number="14" hits="1" branch="false"/>
                        <line number="31" hits="1" branch="false"/>
                        <line number="22" hits="1" branch="false"/>
                        <line number="34" hits="1" branch="false"/>
                        <line number="11" hits="1" branch="false"/>
                        <line number="24" hits="1" branch="false"/>
                        <line number="26" hits="1" branch="false"/>
                        <line number="13" hits="1" branch="false"/>
                        <line number="16" hits="1" branch="false"/>
                        <line number="33" hits="1" branch="false"/>
                        <line number="24" hits="1" branch="false"/>
                        <line number="23" hits="1" branch="false"/>
                        <line number="25" hits="1" branch="false"/>
                        <line number="12" hits="1" branch="false"/>
                        <line number="32" hits="1" branch="false"/>
                        <line number="15" hits="1" branch="false"/>
                    </lines>
</class>
                <class 
                name="DbConnection" filename="com/knoldus/datbasestudent/DbConnection.scala" line-rate="1.00" branch-rate="1.00" complexity="0">
                    <methods>
                        <method name="com.knoldus.datbasestudent/DbConnection/connectDb" signature="()V" line-rate="1.00" branch-rate="1.00">
                            <lines>
                                <line number="19" hits="1" branch="false"/>
                                <line number="11" hits="1" branch="false"/>
                                <line number="15" hits="1" branch="false"/>
                                <line number="13" hits="1" branch="false"/>
                                <line number="14" hits="1" branch="false"/>
                                <line number="10" hits="1" branch="false"/>
                                <line number="19" hits="1" branch="false"/>
                                <line number="12" hits="1" branch="false"/>
                                <line number="16" hits="1" branch="false"/>
                            </lines>
                        </method>
                    </methods>
                    <lines>
                        <line number="19" hits="1" branch="false"/>
                        <line number="11" hits="1" branch="false"/>
                        <line number="15" hits="1" branch="false"/>
                        <line number="13" hits="1" branch="false"/>
                        <line number="14" hits="1" branch="false"/>
                        <line number="10" hits="1" branch="false"/>
                        <line number="19" hits="1" branch="false"/>
                        <line number="12" hits="1" branch="false"/>
                        <line number="16" hits="1" branch="false"/>
                    </lines>
</class>
            </classes>
        </package>
    </packages>
</coverage>
